  [1m[35m (2.3ms)[0m  [1m[34mSELECT sqlite_version(*)[0m
  [1m[35m (1.3ms)[0m  [1m[35mCREATE TABLE "schema_migrations" ("version" varchar NOT NULL PRIMARY KEY)[0m
  [1m[35m (1.3ms)[0m  [1m[35mCREATE TABLE "ar_internal_metadata" ("key" varchar NOT NULL PRIMARY KEY, "value" varchar, "created_at" datetime(6) NOT NULL, "updated_at" datetime(6) NOT NULL)[0m
  [1m[35m (0.3ms)[0m  [1m[34mSELECT "schema_migrations"."version" FROM "schema_migrations" ORDER BY "schema_migrations"."version" ASC[0m
Migrating to CreateUsers (20200728183450)
  [1m[35m (0.1ms)[0m  [1m[36mbegin transaction[0m
  [1m[35m (0.4ms)[0m  [1m[35mCREATE TABLE "users" ("id" integer PRIMARY KEY AUTOINCREMENT NOT NULL, "name" varchar, "location" varchar, "bio" varchar, "favorite_game" varchar, "created_at" datetime(6) NOT NULL, "updated_at" datetime(6) NOT NULL)[0m
  [1m[36mprimary::SchemaMigration Create (0.2ms)[0m  [1m[32mINSERT INTO "schema_migrations" ("version") VALUES (?)[0m  [["version", "20200728183450"]]
  [1m[35m (1.0ms)[0m  [1m[36mcommit transaction[0m
Migrating to CreateGames (20200728183648)
  [1m[35m (0.1ms)[0m  [1m[36mbegin transaction[0m
  [1m[35m (0.3ms)[0m  [1m[35mCREATE TABLE "games" ("id" integer PRIMARY KEY AUTOINCREMENT NOT NULL, "name" varchar, "description" varchar, "created_at" datetime(6) NOT NULL, "updated_at" datetime(6) NOT NULL)[0m
  [1m[36mprimary::SchemaMigration Create (0.1ms)[0m  [1m[32mINSERT INTO "schema_migrations" ("version") VALUES (?)[0m  [["version", "20200728183648"]]
  [1m[35m (1.3ms)[0m  [1m[36mcommit transaction[0m
Migrating to CreateUserGames (20200728184619)
  [1m[35m (0.1ms)[0m  [1m[36mbegin transaction[0m
  [1m[35m (0.4ms)[0m  [1m[35mCREATE TABLE "user_games" ("id" integer PRIMARY KEY AUTOINCREMENT NOT NULL, "game_id" integer NOT NULL, "moves" varchar, "created_at" datetime(6) NOT NULL, "updated_at" datetime(6) NOT NULL, CONSTRAINT "fk_rails_445132b40d"
FOREIGN KEY ("game_id")
  REFERENCES "games" ("id")
)[0m
  [1m[35m (0.1ms)[0m  [1m[35mCREATE  INDEX "index_user_games_on_game_id" ON "user_games" ("game_id")[0m
  [1m[36mprimary::SchemaMigration Create (0.1ms)[0m  [1m[32mINSERT INTO "schema_migrations" ("version") VALUES (?)[0m  [["version", "20200728184619"]]
  [1m[35m (0.7ms)[0m  [1m[36mcommit transaction[0m
  [1m[36mActiveRecord::InternalMetadata Load (0.2ms)[0m  [1m[34mSELECT "ar_internal_metadata".* FROM "ar_internal_metadata" WHERE "ar_internal_metadata"."key" = ? LIMIT ?[0m  [["key", "environment"], ["LIMIT", 1]]
  [1m[35m (0.2ms)[0m  [1m[36mbegin transaction[0m
  [1m[36mActiveRecord::InternalMetadata Create (0.4ms)[0m  [1m[32mINSERT INTO "ar_internal_metadata" ("key", "value", "created_at", "updated_at") VALUES (?, ?, ?, ?)[0m  [["key", "environment"], ["value", "development"], ["created_at", "2020-07-28 19:53:39.436169"], ["updated_at", "2020-07-28 19:53:39.436169"]]
  [1m[35m (1.5ms)[0m  [1m[36mcommit transaction[0m
  [1m[35m (0.1ms)[0m  [1m[34mSELECT sqlite_version(*)[0m
  [1m[35m (0.1ms)[0m  [1m[34mSELECT "schema_migrations"."version" FROM "schema_migrations" ORDER BY "schema_migrations"."version" ASC[0m
  [1m[35m (1.4ms)[0m  [1m[34mSELECT sqlite_version(*)[0m
  [1m[35m (0.4ms)[0m  [1m[34mSELECT "schema_migrations"."version" FROM "schema_migrations" ORDER BY "schema_migrations"."version" ASC[0m
  [1m[35m (0.4ms)[0m  [1m[34mSELECT sqlite_version(*)[0m
  [1m[35m (0.1ms)[0m  [1m[34mSELECT "schema_migrations"."version" FROM "schema_migrations" ORDER BY "schema_migrations"."version" ASC[0m
Migrating to AddImageToUsers (20200729204530)
  [1m[35m (0.1ms)[0m  [1m[36mbegin transaction[0m
  [1m[35m (0.6ms)[0m  [1m[35mALTER TABLE "users" ADD "image" varchar[0m
  [1m[36mprimary::SchemaMigration Create (0.5ms)[0m  [1m[32mINSERT INTO "schema_migrations" ("version") VALUES (?)[0m  [["version", "20200729204530"]]
  [1m[35m (1.1ms)[0m  [1m[36mcommit transaction[0m
  [1m[36mActiveRecord::InternalMetadata Load (0.5ms)[0m  [1m[34mSELECT "ar_internal_metadata".* FROM "ar_internal_metadata" WHERE "ar_internal_metadata"."key" = ? LIMIT ?[0m  [["key", "environment"], ["LIMIT", 1]]
  [1m[35m (0.1ms)[0m  [1m[34mSELECT sqlite_version(*)[0m
  [1m[35m (0.1ms)[0m  [1m[34mSELECT "schema_migrations"."version" FROM "schema_migrations" ORDER BY "schema_migrations"."version" ASC[0m
  [1m[35m (0.4ms)[0m  [1m[34mSELECT sqlite_version(*)[0m
  [1m[35m (0.1ms)[0m  [1m[34mSELECT "schema_migrations"."version" FROM "schema_migrations" ORDER BY "schema_migrations"."version" ASC[0m
  [1m[35m (0.4ms)[0m  [1m[34mSELECT sqlite_version(*)[0m
  [1m[35m (0.1ms)[0m  [1m[34mSELECT "schema_migrations"."version" FROM "schema_migrations" ORDER BY "schema_migrations"."version" ASC[0m
  [1m[35m (0.5ms)[0m  [1m[34mSELECT sqlite_version(*)[0m
  [1m[35m (0.1ms)[0m  [1m[34mSELECT "schema_migrations"."version" FROM "schema_migrations" ORDER BY "schema_migrations"."version" ASC[0m
  [1m[35m (0.6ms)[0m  [1m[34mSELECT sqlite_version(*)[0m
  [1m[35m (0.1ms)[0m  [1m[34mSELECT "schema_migrations"."version" FROM "schema_migrations" ORDER BY "schema_migrations"."version" ASC[0m
  [1m[35m (0.1ms)[0m  [1m[34mSELECT sqlite_version(*)[0m
  [1m[36mUser Load (0.1ms)[0m  [1m[34mSELECT "users".* FROM "users"[0m
  [1m[36mGame Load (0.1ms)[0m  [1m[34mSELECT "games".* FROM "games"[0m
  [1m[35m (0.4ms)[0m  [1m[34mSELECT sqlite_version(*)[0m
  [1m[35m (0.1ms)[0m  [1m[34mSELECT "schema_migrations"."version" FROM "schema_migrations" ORDER BY "schema_migrations"."version" ASC[0m
  [1m[35m (0.0ms)[0m  [1m[34mSELECT sqlite_version(*)[0m
  [1m[36mUser Load (0.1ms)[0m  [1m[34mSELECT "users".* FROM "users"[0m
  [1m[36mGame Load (0.1ms)[0m  [1m[34mSELECT "games".* FROM "games"[0m
  [1m[35m (0.3ms)[0m  [1m[34mSELECT sqlite_version(*)[0m
  [1m[35m (0.1ms)[0m  [1m[34mSELECT "schema_migrations"."version" FROM "schema_migrations" ORDER BY "schema_migrations"."version" ASC[0m
  [1m[35m (0.1ms)[0m  [1m[34mSELECT sqlite_version(*)[0m
  [1m[36mUser Load (0.1ms)[0m  [1m[34mSELECT "users".* FROM "users"[0m
  [1m[36mGame Load (0.1ms)[0m  [1m[34mSELECT "games".* FROM "games"[0m
  [1m[35m (0.0ms)[0m  [1m[36mbegin transaction[0m
  [1m[36mUser Create (0.3ms)[0m  [1m[32mINSERT INTO "users" ("name", "location", "bio", "favorite_game", "created_at", "updated_at", "image") VALUES (?, ?, ?, ?, ?, ?, ?)[0m  [["name", "Jonah Hex"], ["location", "Firly Pond"], ["bio", "Faker::TvShows::Simpsons"], ["favorite_game", "Checkers"], ["created_at", "2020-07-29 21:43:30.817586"], ["updated_at", "2020-07-29 21:43:30.817586"], ["image", "https://www.lego.com/cdn/cs/set/assets/blt167d8e20620e4817/DC_-_Character_-_Details_-_Sidekick-Standard_-_Batman.jpg?fit=crop&width=800&height=426&quality=80"]]
  [1m[35m (0.6ms)[0m  [1m[36mcommit transaction[0m
  [1m[35m (0.0ms)[0m  [1m[36mbegin transaction[0m
  [1m[36mUser Create (0.4ms)[0m  [1m[32mINSERT INTO "users" ("name", "location", "bio", "favorite_game", "created_at", "updated_at", "image") VALUES (?, ?, ?, ?, ?, ?, ?)[0m  [["name", "Aquaman"], ["location", "Dracozu Lake"], ["bio", "Faker::TvShows::Simpsons"], ["favorite_game", "Checkers"], ["created_at", "2020-07-29 21:43:30.821401"], ["updated_at", "2020-07-29 21:43:30.821401"], ["image", "https://www.lego.com/cdn/cs/set/assets/blt167d8e20620e4817/DC_-_Character_-_Details_-_Sidekick-Standard_-_Batman.jpg?fit=crop&width=800&height=426&quality=80"]]
  [1m[35m (0.8ms)[0m  [1m[36mcommit transaction[0m
  [1m[35m (0.0ms)[0m  [1m[36mbegin transaction[0m
  [1m[36mUser Create (0.3ms)[0m  [1m[32mINSERT INTO "users" ("name", "location", "bio", "favorite_game", "created_at", "updated_at", "image") VALUES (?, ?, ?, ?, ?, ?, ?)[0m  [["name", "The Sandman"], ["location", "Mount Lanayru"], ["bio", "Faker::TvShows::Simpsons"], ["favorite_game", "Checkers"], ["created_at", "2020-07-29 21:43:30.825556"], ["updated_at", "2020-07-29 21:43:30.825556"], ["image", "https://www.lego.com/cdn/cs/set/assets/blt167d8e20620e4817/DC_-_Character_-_Details_-_Sidekick-Standard_-_Batman.jpg?fit=crop&width=800&height=426&quality=80"]]
  [1m[35m (0.7ms)[0m  [1m[36mcommit transaction[0m
  [1m[35m (0.0ms)[0m  [1m[36mbegin transaction[0m
  [1m[36mUser Create (0.3ms)[0m  [1m[32mINSERT INTO "users" ("name", "location", "bio", "favorite_game", "created_at", "updated_at", "image") VALUES (?, ?, ?, ?, ?, ?, ?)[0m  [["name", "Martain Manhunter"], ["location", "Mable Ridge"], ["bio", "Faker::TvShows::Simpsons"], ["favorite_game", "Checkers"], ["created_at", "2020-07-29 21:43:30.829449"], ["updated_at", "2020-07-29 21:43:30.829449"], ["image", "https://www.lego.com/cdn/cs/set/assets/blt167d8e20620e4817/DC_-_Character_-_Details_-_Sidekick-Standard_-_Batman.jpg?fit=crop&width=800&height=426&quality=80"]]
  [1m[35m (0.6ms)[0m  [1m[36mcommit transaction[0m
  [1m[35m (0.0ms)[0m  [1m[36mbegin transaction[0m
  [1m[36mUser Create (0.3ms)[0m  [1m[32mINSERT INTO "users" ("name", "location", "bio", "favorite_game", "created_at", "updated_at", "image") VALUES (?, ?, ?, ?, ?, ?, ?)[0m  [["name", "Green Lantern"], ["location", "Death Mountain Summit"], ["bio", "Faker::TvShows::Simpsons"], ["favorite_game", "Checkers"], ["created_at", "2020-07-29 21:43:30.833220"], ["updated_at", "2020-07-29 21:43:30.833220"], ["image", "https://www.lego.com/cdn/cs/set/assets/blt167d8e20620e4817/DC_-_Character_-_Details_-_Sidekick-Standard_-_Batman.jpg?fit=crop&width=800&height=426&quality=80"]]
  [1m[35m (1.2ms)[0m  [1m[36mcommit transaction[0m
  [1m[35m (0.0ms)[0m  [1m[36mbegin transaction[0m
  [1m[36mUser Create (0.3ms)[0m  [1m[32mINSERT INTO "users" ("name", "location", "bio", "favorite_game", "created_at", "updated_at", "image") VALUES (?, ?, ?, ?, ?, ?, ?)[0m  [["name", "Superman"], ["location", "Sahasra Slope"], ["bio", "Faker::TvShows::Simpsons"], ["favorite_game", "Checkers"], ["created_at", "2020-07-29 21:43:30.837224"], ["updated_at", "2020-07-29 21:43:30.837224"], ["image", "https://www.lego.com/cdn/cs/set/assets/blt167d8e20620e4817/DC_-_Character_-_Details_-_Sidekick-Standard_-_Batman.jpg?fit=crop&width=800&height=426&quality=80"]]
  [1m[35m (0.4ms)[0m  [1m[36mcommit transaction[0m
  [1m[35m (0.0ms)[0m  [1m[36mbegin transaction[0m
  [1m[36mUser Create (0.2ms)[0m  [1m[32mINSERT INTO "users" ("name", "location", "bio", "favorite_game", "created_at", "updated_at", "image") VALUES (?, ?, ?, ?, ?, ?, ?)[0m  [["name", "The Flash"], ["location", "Faron Woods"], ["bio", "Faker::TvShows::Simpsons"], ["favorite_game", "Checkers"], ["created_at", "2020-07-29 21:43:30.840263"], ["updated_at", "2020-07-29 21:43:30.840263"], ["image", "https://www.lego.com/cdn/cs/set/assets/blt167d8e20620e4817/DC_-_Character_-_Details_-_Sidekick-Standard_-_Batman.jpg?fit=crop&width=800&height=426&quality=80"]]
  [1m[35m (0.4ms)[0m  [1m[36mcommit transaction[0m
  [1m[35m (0.0ms)[0m  [1m[36mbegin transaction[0m
  [1m[36mUser Create (0.3ms)[0m  [1m[32mINSERT INTO "users" ("name", "location", "bio", "favorite_game", "created_at", "updated_at", "image") VALUES (?, ?, ?, ?, ?, ?, ?)[0m  [["name", "Robin"], ["location", "Lanayru Heights"], ["bio", "Faker::TvShows::Simpsons"], ["favorite_game", "Checkers"], ["created_at", "2020-07-29 21:43:30.843547"], ["updated_at", "2020-07-29 21:43:30.843547"], ["image", "https://www.lego.com/cdn/cs/set/assets/blt167d8e20620e4817/DC_-_Character_-_Details_-_Sidekick-Standard_-_Batman.jpg?fit=crop&width=800&height=426&quality=80"]]
  [1m[35m (0.5ms)[0m  [1m[36mcommit transaction[0m
  [1m[35m (0.0ms)[0m  [1m[36mbegin transaction[0m
  [1m[36mUser Create (0.3ms)[0m  [1m[32mINSERT INTO "users" ("name", "location", "bio", "favorite_game", "created_at", "updated_at", "image") VALUES (?, ?, ?, ?, ?, ?, ?)[0m  [["name", "Dr. Manhattan"], ["location", "Northern Icehouse"], ["bio", "Faker::TvShows::Simpsons"], ["favorite_game", "Checkers"], ["created_at", "2020-07-29 21:43:30.846935"], ["updated_at", "2020-07-29 21:43:30.846935"], ["image", "https://www.lego.com/cdn/cs/set/assets/blt167d8e20620e4817/DC_-_Character_-_Details_-_Sidekick-Standard_-_Batman.jpg?fit=crop&width=800&height=426&quality=80"]]
  [1m[35m (0.5ms)[0m  [1m[36mcommit transaction[0m
  [1m[35m (0.0ms)[0m  [1m[36mbegin transaction[0m
  [1m[36mUser Create (0.2ms)[0m  [1m[32mINSERT INTO "users" ("name", "location", "bio", "favorite_game", "created_at", "updated_at", "image") VALUES (?, ?, ?, ?, ?, ?, ?)[0m  [["name", "Azrael"], ["location", "Foothill Stable"], ["bio", "Faker::TvShows::Simpsons"], ["favorite_game", "Checkers"], ["created_at", "2020-07-29 21:43:30.850203"], ["updated_at", "2020-07-29 21:43:30.850203"], ["image", "https://www.lego.com/cdn/cs/set/assets/blt167d8e20620e4817/DC_-_Character_-_Details_-_Sidekick-Standard_-_Batman.jpg?fit=crop&width=800&height=426&quality=80"]]
  [1m[35m (0.5ms)[0m  [1m[36mcommit transaction[0m
  [1m[35m (0.0ms)[0m  [1m[36mbegin transaction[0m
  [1m[36mUser Create (0.2ms)[0m  [1m[32mINSERT INTO "users" ("name", "location", "bio", "favorite_game", "created_at", "updated_at", "image") VALUES (?, ?, ?, ?, ?, ?, ?)[0m  [["name", "Tempest"], ["location", "East Gerudo Mesa"], ["bio", "Faker::TvShows::Simpsons"], ["favorite_game", "Checkers"], ["created_at", "2020-07-29 21:43:30.853187"], ["updated_at", "2020-07-29 21:43:30.853187"], ["image", "https://www.lego.com/cdn/cs/set/assets/blt167d8e20620e4817/DC_-_Character_-_Details_-_Sidekick-Standard_-_Batman.jpg?fit=crop&width=800&height=426&quality=80"]]
  [1m[35m (0.9ms)[0m  [1m[36mcommit transaction[0m
  [1m[35m (0.0ms)[0m  [1m[36mbegin transaction[0m
  [1m[36mUser Create (0.2ms)[0m  [1m[32mINSERT INTO "users" ("name", "location", "bio", "favorite_game", "created_at", "updated_at", "image") VALUES (?, ?, ?, ?, ?, ?, ?)[0m  [["name", "Doctor Fate"], ["location", "Mount Hylia"], ["bio", "Faker::TvShows::Simpsons"], ["favorite_game", "Checkers"], ["created_at", "2020-07-29 21:43:30.856663"], ["updated_at", "2020-07-29 21:43:30.856663"], ["image", "https://www.lego.com/cdn/cs/set/assets/blt167d8e20620e4817/DC_-_Character_-_Details_-_Sidekick-Standard_-_Batman.jpg?fit=crop&width=800&height=426&quality=80"]]
  [1m[35m (0.6ms)[0m  [1m[36mcommit transaction[0m
  [1m[35m (0.0ms)[0m  [1m[36mbegin transaction[0m
  [1m[36mUser Create (0.2ms)[0m  [1m[32mINSERT INTO "users" ("name", "location", "bio", "favorite_game", "created_at", "updated_at", "image") VALUES (?, ?, ?, ?, ?, ?, ?)[0m  [["name", "Orion"], ["location", "Gerudo Summit"], ["bio", "Faker::TvShows::Simpsons"], ["favorite_game", "Checkers"], ["created_at", "2020-07-29 21:43:30.859836"], ["updated_at", "2020-07-29 21:43:30.859836"], ["image", "https://www.lego.com/cdn/cs/set/assets/blt167d8e20620e4817/DC_-_Character_-_Details_-_Sidekick-Standard_-_Batman.jpg?fit=crop&width=800&height=426&quality=80"]]
  [1m[35m (0.5ms)[0m  [1m[36mcommit transaction[0m
  [1m[35m (0.0ms)[0m  [1m[36mbegin transaction[0m
  [1m[36mUser Create (0.2ms)[0m  [1m[32mINSERT INTO "users" ("name", "location", "bio", "favorite_game", "created_at", "updated_at", "image") VALUES (?, ?, ?, ?, ?, ?, ?)[0m  [["name", "Shazam"], ["location", "Kam Urog Shrine"], ["bio", "Faker::TvShows::Simpsons"], ["favorite_game", "Checkers"], ["created_at", "2020-07-29 21:43:30.862870"], ["updated_at", "2020-07-29 21:43:30.862870"], ["image", "https://www.lego.com/cdn/cs/set/assets/blt167d8e20620e4817/DC_-_Character_-_Details_-_Sidekick-Standard_-_Batman.jpg?fit=crop&width=800&height=426&quality=80"]]
  [1m[35m (0.6ms)[0m  [1m[36mcommit transaction[0m
  [1m[35m (0.0ms)[0m  [1m[36mbegin transaction[0m
  [1m[36mUser Create (0.3ms)[0m  [1m[32mINSERT INTO "users" ("name", "location", "bio", "favorite_game", "created_at", "updated_at", "image") VALUES (?, ?, ?, ?, ?, ?, ?)[0m  [["name", "Superboy"], ["location", "Southern Mine"], ["bio", "Faker::TvShows::Simpsons"], ["favorite_game", "Checkers"], ["created_at", "2020-07-29 21:43:30.866223"], ["updated_at", "2020-07-29 21:43:30.866223"], ["image", "https://www.lego.com/cdn/cs/set/assets/blt167d8e20620e4817/DC_-_Character_-_Details_-_Sidekick-Standard_-_Batman.jpg?fit=crop&width=800&height=426&quality=80"]]
  [1m[35m (0.6ms)[0m  [1m[36mcommit transaction[0m
  [1m[35m (0.0ms)[0m  [1m[36mbegin transaction[0m
  [1m[36mGame Create (0.3ms)[0m  [1m[32mINSERT INTO "games" ("name", "description", "created_at", "updated_at") VALUES (?, ?, ?, ?)[0m  [["name", "Checkers"], ["description", "Is a group of strategy board games for two players which involve diagonal moves of uniform game pieces and mandatory captures by jumping over opponent pieces."], ["created_at", "2020-07-29 21:43:30.872973"], ["updated_at", "2020-07-29 21:43:30.872973"]]
  [1m[35m (0.5ms)[0m  [1m[36mcommit transaction[0m
  [1m[35m (0.4ms)[0m  [1m[34mSELECT sqlite_version(*)[0m
  [1m[36mUser Load (0.2ms)[0m  [1m[34mSELECT "users".* FROM "users" LIMIT ?[0m  [["LIMIT", 11]]
  [1m[35m (0.4ms)[0m  [1m[34mSELECT sqlite_version(*)[0m
  [1m[35m (0.1ms)[0m  [1m[34mSELECT "schema_migrations"."version" FROM "schema_migrations" ORDER BY "schema_migrations"."version" ASC[0m
  [1m[35m (0.1ms)[0m  [1m[34mSELECT sqlite_version(*)[0m
  [1m[36mUser Load (0.2ms)[0m  [1m[34mSELECT "users".* FROM "users"[0m
  [1m[35m (0.0ms)[0m  [1m[36mbegin transaction[0m
  [1m[36mUser Destroy (0.3ms)[0m  [1m[31mDELETE FROM "users" WHERE "users"."id" = ?[0m  [["id", 1]]
  [1m[35m (0.7ms)[0m  [1m[36mcommit transaction[0m
  [1m[35m (0.0ms)[0m  [1m[36mbegin transaction[0m
  [1m[36mUser Destroy (0.2ms)[0m  [1m[31mDELETE FROM "users" WHERE "users"."id" = ?[0m  [["id", 2]]
  [1m[35m (0.5ms)[0m  [1m[36mcommit transaction[0m
  [1m[35m (0.0ms)[0m  [1m[36mbegin transaction[0m
  [1m[36mUser Destroy (0.2ms)[0m  [1m[31mDELETE FROM "users" WHERE "users"."id" = ?[0m  [["id", 3]]
  [1m[35m (0.6ms)[0m  [1m[36mcommit transaction[0m
  [1m[35m (0.0ms)[0m  [1m[36mbegin transaction[0m
  [1m[36mUser Destroy (0.2ms)[0m  [1m[31mDELETE FROM "users" WHERE "users"."id" = ?[0m  [["id", 4]]
  [1m[35m (0.6ms)[0m  [1m[36mcommit transaction[0m
  [1m[35m (0.0ms)[0m  [1m[36mbegin transaction[0m
  [1m[36mUser Destroy (0.2ms)[0m  [1m[31mDELETE FROM "users" WHERE "users"."id" = ?[0m  [["id", 5]]
  [1m[35m (0.5ms)[0m  [1m[36mcommit transaction[0m
  [1m[35m (0.0ms)[0m  [1m[36mbegin transaction[0m
  [1m[36mUser Destroy (0.3ms)[0m  [1m[31mDELETE FROM "users" WHERE "users"."id" = ?[0m  [["id", 6]]
  [1m[35m (0.6ms)[0m  [1m[36mcommit transaction[0m
  [1m[35m (0.0ms)[0m  [1m[36mbegin transaction[0m
  [1m[36mUser Destroy (0.3ms)[0m  [1m[31mDELETE FROM "users" WHERE "users"."id" = ?[0m  [["id", 7]]
  [1m[35m (0.6ms)[0m  [1m[36mcommit transaction[0m
  [1m[35m (0.0ms)[0m  [1m[36mbegin transaction[0m
  [1m[36mUser Destroy (0.2ms)[0m  [1m[31mDELETE FROM "users" WHERE "users"."id" = ?[0m  [["id", 8]]
  [1m[35m (0.5ms)[0m  [1m[36mcommit transaction[0m
  [1m[35m (0.0ms)[0m  [1m[36mbegin transaction[0m
  [1m[36mUser Destroy (0.2ms)[0m  [1m[31mDELETE FROM "users" WHERE "users"."id" = ?[0m  [["id", 9]]
  [1m[35m (0.5ms)[0m  [1m[36mcommit transaction[0m
  [1m[35m (0.0ms)[0m  [1m[36mbegin transaction[0m
  [1m[36mUser Destroy (0.3ms)[0m  [1m[31mDELETE FROM "users" WHERE "users"."id" = ?[0m  [["id", 10]]
  [1m[35m (0.5ms)[0m  [1m[36mcommit transaction[0m
  [1m[35m (0.0ms)[0m  [1m[36mbegin transaction[0m
  [1m[36mUser Destroy (0.2ms)[0m  [1m[31mDELETE FROM "users" WHERE "users"."id" = ?[0m  [["id", 11]]
  [1m[35m (0.5ms)[0m  [1m[36mcommit transaction[0m
  [1m[35m (0.0ms)[0m  [1m[36mbegin transaction[0m
  [1m[36mUser Destroy (0.3ms)[0m  [1m[31mDELETE FROM "users" WHERE "users"."id" = ?[0m  [["id", 12]]
  [1m[35m (0.5ms)[0m  [1m[36mcommit transaction[0m
  [1m[35m (0.1ms)[0m  [1m[36mbegin transaction[0m
  [1m[36mUser Destroy (0.4ms)[0m  [1m[31mDELETE FROM "users" WHERE "users"."id" = ?[0m  [["id", 13]]
  [1m[35m (0.5ms)[0m  [1m[36mcommit transaction[0m
  [1m[35m (0.0ms)[0m  [1m[36mbegin transaction[0m
  [1m[36mUser Destroy (0.2ms)[0m  [1m[31mDELETE FROM "users" WHERE "users"."id" = ?[0m  [["id", 14]]
  [1m[35m (0.4ms)[0m  [1m[36mcommit transaction[0m
  [1m[35m (0.0ms)[0m  [1m[36mbegin transaction[0m
  [1m[36mUser Destroy (0.3ms)[0m  [1m[31mDELETE FROM "users" WHERE "users"."id" = ?[0m  [["id", 15]]
  [1m[35m (0.5ms)[0m  [1m[36mcommit transaction[0m
  [1m[36mGame Load (0.1ms)[0m  [1m[34mSELECT "games".* FROM "games"[0m
  [1m[35m (0.0ms)[0m  [1m[36mbegin transaction[0m
  [1m[36mGame Destroy (0.2ms)[0m  [1m[31mDELETE FROM "games" WHERE "games"."id" = ?[0m  [["id", 1]]
  [1m[35m (0.5ms)[0m  [1m[36mcommit transaction[0m
  [1m[35m (0.0ms)[0m  [1m[36mbegin transaction[0m
  [1m[36mUser Create (0.3ms)[0m  [1m[32mINSERT INTO "users" ("name", "location", "bio", "favorite_game", "created_at", "updated_at", "image") VALUES (?, ?, ?, ?, ?, ?, ?)[0m  [["name", "The Atom"], ["location", "Passer Hill"], ["bio", "You tried your best and you failed miserably. The lesson is: Never try."], ["favorite_game", "Checkers"], ["created_at", "2020-07-29 21:44:44.126046"], ["updated_at", "2020-07-29 21:44:44.126046"], ["image", "https://www.lego.com/cdn/cs/set/assets/blt167d8e20620e4817/DC_-_Character_-_Details_-_Sidekick-Standard_-_Batman.jpg?fit=crop&width=800&height=426&quality=80"]]
  [1m[35m (0.8ms)[0m  [1m[36mcommit transaction[0m
  [1m[35m (0.0ms)[0m  [1m[36mbegin transaction[0m
  [1m[36mUser Create (0.3ms)[0m  [1m[32mINSERT INTO "users" ("name", "location", "bio", "favorite_game", "created_at", "updated_at", "image") VALUES (?, ?, ?, ?, ?, ?, ?)[0m  [["name", "Spectre"], ["location", "Ja Baij Shrine"], ["bio", "Kill my boss? Do I dare live out the American dream?"], ["favorite_game", "Checkers"], ["created_at", "2020-07-29 21:44:44.130065"], ["updated_at", "2020-07-29 21:44:44.130065"], ["image", "https://www.lego.com/cdn/cs/set/assets/blt167d8e20620e4817/DC_-_Character_-_Details_-_Sidekick-Standard_-_Batman.jpg?fit=crop&width=800&height=426&quality=80"]]
  [1m[35m (0.5ms)[0m  [1m[36mcommit transaction[0m
  [1m[35m (0.0ms)[0m  [1m[36mbegin transaction[0m
  [1m[36mUser Create (0.4ms)[0m  [1m[32mINSERT INTO "users" ("name", "location", "bio", "favorite_game", "created_at", "updated_at", "image") VALUES (?, ?, ?, ?, ?, ?, ?)[0m  [["name", "Dr. Fate"], ["location", "Dueling Peaks Stable"], ["bio", "I'm not normally a praying man, but if you're up there, please save me, Superman!"], ["favorite_game", "Checkers"], ["created_at", "2020-07-29 21:44:44.133544"], ["updated_at", "2020-07-29 21:44:44.133544"], ["image", "https://www.lego.com/cdn/cs/set/assets/blt167d8e20620e4817/DC_-_Character_-_Details_-_Sidekick-Standard_-_Batman.jpg?fit=crop&width=800&height=426&quality=80"]]
  [1m[35m (0.7ms)[0m  [1m[36mcommit transaction[0m
  [1m[35m (0.0ms)[0m  [1m[36mbegin transaction[0m
  [1m[36mUser Create (0.3ms)[0m  [1m[32mINSERT INTO "users" ("name", "location", "bio", "favorite_game", "created_at", "updated_at", "image") VALUES (?, ?, ?, ?, ?, ?, ?)[0m  [["name", "Mr. Miracle"], ["location", "Batrea Lake"], ["bio", "It takes two to lie: one to lie and one to listen."], ["favorite_game", "Checkers"], ["created_at", "2020-07-29 21:44:44.148028"], ["updated_at", "2020-07-29 21:44:44.148028"], ["image", "https://www.lego.com/cdn/cs/set/assets/blt167d8e20620e4817/DC_-_Character_-_Details_-_Sidekick-Standard_-_Batman.jpg?fit=crop&width=800&height=426&quality=80"]]
  [1m[35m (0.6ms)[0m  [1m[36mcommit transaction[0m
  [1m[35m (0.0ms)[0m  [1m[36mbegin transaction[0m
  [1m[36mUser Create (0.3ms)[0m  [1m[32mINSERT INTO "users" ("name", "location", "bio", "favorite_game", "created_at", "updated_at", "image") VALUES (?, ?, ?, ?, ?, ?, ?)[0m  [["name", "Jonah Hex"], ["location", "Spectacle Rock"], ["bio", "Kill my boss? Do I dare live out the American dream?"], ["favorite_game", "Checkers"], ["created_at", "2020-07-29 21:44:44.151968"], ["updated_at", "2020-07-29 21:44:44.151968"], ["image", "https://www.lego.com/cdn/cs/set/assets/blt167d8e20620e4817/DC_-_Character_-_Details_-_Sidekick-Standard_-_Batman.jpg?fit=crop&width=800&height=426&quality=80"]]
  [1m[35m (0.6ms)[0m  [1m[36mcommit transaction[0m
  [1m[35m (0.0ms)[0m  [1m[36mbegin transaction[0m
  [1m[36mUser Create (0.4ms)[0m  [1m[32mINSERT INTO "users" ("name", "location", "bio", "favorite_game", "created_at", "updated_at", "image") VALUES (?, ?, ?, ?, ?, ?, ?)[0m  [["name", "Shazam"], ["location", "Deya Lake"], ["bio", "Sorry, Mom, the mob has spoken."], ["favorite_game", "Checkers"], ["created_at", "2020-07-29 21:44:44.155614"], ["updated_at", "2020-07-29 21:44:44.155614"], ["image", "https://www.lego.com/cdn/cs/set/assets/blt167d8e20620e4817/DC_-_Character_-_Details_-_Sidekick-Standard_-_Batman.jpg?fit=crop&width=800&height=426&quality=80"]]
  [1m[35m (0.7ms)[0m  [1m[36mcommit transaction[0m
  [1m[35m (0.0ms)[0m  [1m[36mbegin transaction[0m
  [1m[36mUser Create (0.3ms)[0m  [1m[32mINSERT INTO "users" ("name", "location", "bio", "favorite_game", "created_at", "updated_at", "image") VALUES (?, ?, ?, ?, ?, ?, ?)[0m  [["name", "Cyborg"], ["location", "Dueling Peaks"], ["bio", "Oh, loneliness and cheeseburgers are a dangerous mix."], ["favorite_game", "Checkers"], ["created_at", "2020-07-29 21:44:44.162228"], ["updated_at", "2020-07-29 21:44:44.162228"], ["image", "https://www.lego.com/cdn/cs/set/assets/blt167d8e20620e4817/DC_-_Character_-_Details_-_Sidekick-Standard_-_Batman.jpg?fit=crop&width=800&height=426&quality=80"]]
  [1m[35m (0.8ms)[0m  [1m[36mcommit transaction[0m
  [1m[35m (0.0ms)[0m  [1m[36mbegin transaction[0m
  [1m[36mUser Create (0.3ms)[0m  [1m[32mINSERT INTO "users" ("name", "location", "bio", "favorite_game", "created_at", "updated_at", "image") VALUES (?, ?, ?, ?, ?, ?, ?)[0m  [["name", "Arsenal"], ["location", "Mapla Point"], ["bio", "Sorry, Mom, the mob has spoken."], ["favorite_game", "Checkers"], ["created_at", "2020-07-29 21:44:44.175237"], ["updated_at", "2020-07-29 21:44:44.175237"], ["image", "https://www.lego.com/cdn/cs/set/assets/blt167d8e20620e4817/DC_-_Character_-_Details_-_Sidekick-Standard_-_Batman.jpg?fit=crop&width=800&height=426&quality=80"]]
  [1m[35m (0.6ms)[0m  [1m[36mcommit transaction[0m
  [1m[35m (0.0ms)[0m  [1m[36mbegin transaction[0m
  [1m[36mUser Create (0.3ms)[0m  [1m[32mINSERT INTO "users" ("name", "location", "bio", "favorite_game", "created_at", "updated_at", "image") VALUES (?, ?, ?, ?, ?, ?, ?)[0m  [["name", "Plastic Man"], ["location", "Hickaly Woods"], ["bio", "I'm not normally a praying man, but if you're up there, please save me, Superman!"], ["favorite_game", "Checkers"], ["created_at", "2020-07-29 21:44:44.186252"], ["updated_at", "2020-07-29 21:44:44.186252"], ["image", "https://www.lego.com/cdn/cs/set/assets/blt167d8e20620e4817/DC_-_Character_-_Details_-_Sidekick-Standard_-_Batman.jpg?fit=crop&width=800&height=426&quality=80"]]
  [1m[35m (0.5ms)[0m  [1m[36mcommit transaction[0m
  [1m[35m (0.0ms)[0m  [1m[36mbegin transaction[0m
  [1m[36mUser Create (0.3ms)[0m  [1m[32mINSERT INTO "users" ("name", "location", "bio", "favorite_game", "created_at", "updated_at", "image") VALUES (?, ?, ?, ?, ?, ?, ?)[0m  [["name", "Animal Man"], ["location", "Sapphia's Table"], ["bio", "It takes two to lie: one to lie and one to listen."], ["favorite_game", "Checkers"], ["created_at", "2020-07-29 21:44:44.193514"], ["updated_at", "2020-07-29 21:44:44.193514"], ["image", "https://www.lego.com/cdn/cs/set/assets/blt167d8e20620e4817/DC_-_Character_-_Details_-_Sidekick-Standard_-_Batman.jpg?fit=crop&width=800&height=426&quality=80"]]
  [1m[35m (0.7ms)[0m  [1m[36mcommit transaction[0m
  [1m[35m (0.0ms)[0m  [1m[36mbegin transaction[0m
  [1m[36mUser Create (0.3ms)[0m  [1m[32mINSERT INTO "users" ("name", "location", "bio", "favorite_game", "created_at", "updated_at", "image") VALUES (?, ?, ?, ?, ?, ?, ?)[0m  [["name", "The Comedian"], ["location", "Myahm Agana Shrine"], ["bio", "Cheating is the gift man gives himself."], ["favorite_game", "Checkers"], ["created_at", "2020-07-29 21:44:44.205302"], ["updated_at", "2020-07-29 21:44:44.205302"], ["image", "https://www.lego.com/cdn/cs/set/assets/blt167d8e20620e4817/DC_-_Character_-_Details_-_Sidekick-Standard_-_Batman.jpg?fit=crop&width=800&height=426&quality=80"]]
  [1m[35m (0.6ms)[0m  [1m[36mcommit transaction[0m
  [1m[35m (0.2ms)[0m  [1m[36mbegin transaction[0m
  [1m[36mUser Create (0.4ms)[0m  [1m[32mINSERT INTO "users" ("name", "location", "bio", "favorite_game", "created_at", "updated_at", "image") VALUES (?, ?, ?, ?, ?, ?, ?)[0m  [["name", "Rorschach"], ["location", "Hateno Beach"], ["bio", "What’s the point of going out? We’re just gonna wind up back home anyway."], ["favorite_game", "Checkers"], ["created_at", "2020-07-29 21:44:44.228211"], ["updated_at", "2020-07-29 21:44:44.228211"], ["image", "https://www.lego.com/cdn/cs/set/assets/blt167d8e20620e4817/DC_-_Character_-_Details_-_Sidekick-Standard_-_Batman.jpg?fit=crop&width=800&height=426&quality=80"]]
  [1m[35m (0.6ms)[0m  [1m[36mcommit transaction[0m
  [1m[35m (0.0ms)[0m  [1m[36mbegin transaction[0m
  [1m[36mUser Create (0.3ms)[0m  [1m[32mINSERT INTO "users" ("name", "location", "bio", "favorite_game", "created_at", "updated_at", "image") VALUES (?, ?, ?, ?, ?, ?, ?)[0m  [["name", "Wildcat"], ["location", "Bonooru's Stand"], ["bio", "What’s the point of going out? We’re just gonna wind up back home anyway."], ["favorite_game", "Checkers"], ["created_at", "2020-07-29 21:44:44.233642"], ["updated_at", "2020-07-29 21:44:44.233642"], ["image", "https://www.lego.com/cdn/cs/set/assets/blt167d8e20620e4817/DC_-_Character_-_Details_-_Sidekick-Standard_-_Batman.jpg?fit=crop&width=800&height=426&quality=80"]]
  [1m[35m (0.6ms)[0m  [1m[36mcommit transaction[0m
  [1m[35m (0.0ms)[0m  [1m[36mbegin transaction[0m
  [1m[36mUser Create (0.3ms)[0m  [1m[32mINSERT INTO "users" ("name", "location", "bio", "favorite_game", "created_at", "updated_at", "image") VALUES (?, ?, ?, ?, ?, ?, ?)[0m  [["name", "Speedy"], ["location", "Eastern Abbey"], ["bio", "If you pray to the wrong god, you might just make the right one madder and madder."], ["favorite_game", "Checkers"], ["created_at", "2020-07-29 21:44:44.237375"], ["updated_at", "2020-07-29 21:44:44.237375"], ["image", "https://www.lego.com/cdn/cs/set/assets/blt167d8e20620e4817/DC_-_Character_-_Details_-_Sidekick-Standard_-_Batman.jpg?fit=crop&width=800&height=426&quality=80"]]
  [1m[35m (0.6ms)[0m  [1m[36mcommit transaction[0m
  [1m[35m (0.0ms)[0m  [1m[36mbegin transaction[0m
  [1m[36mUser Create (0.3ms)[0m  [1m[32mINSERT INTO "users" ("name", "location", "bio", "favorite_game", "created_at", "updated_at", "image") VALUES (?, ?, ?, ?, ?, ?, ?)[0m  [["name", "Mr. Terrific"], ["location", "Papetto Grove"], ["bio", "It takes two to lie: one to lie and one to listen."], ["favorite_game", "Checkers"], ["created_at", "2020-07-29 21:44:44.240970"], ["updated_at", "2020-07-29 21:44:44.240970"], ["image", "https://www.lego.com/cdn/cs/set/assets/blt167d8e20620e4817/DC_-_Character_-_Details_-_Sidekick-Standard_-_Batman.jpg?fit=crop&width=800&height=426&quality=80"]]
  [1m[35m (0.6ms)[0m  [1m[36mcommit transaction[0m
  [1m[35m (0.0ms)[0m  [1m[36mbegin transaction[0m
  [1m[36mGame Create (0.3ms)[0m  [1m[32mINSERT INTO "games" ("name", "description", "created_at", "updated_at") VALUES (?, ?, ?, ?)[0m  [["name", "Checkers"], ["description", "Is a group of strategy board games for two players which involve diagonal moves of uniform game pieces and mandatory captures by jumping over opponent pieces."], ["created_at", "2020-07-29 21:44:44.244259"], ["updated_at", "2020-07-29 21:44:44.244259"]]
  [1m[35m (0.6ms)[0m  [1m[36mcommit transaction[0m
  [1m[35m (0.5ms)[0m  [1m[34mSELECT sqlite_version(*)[0m
  [1m[36mUser Load (0.1ms)[0m  [1m[34mSELECT "users".* FROM "users" ORDER BY "users"."id" ASC LIMIT ?[0m  [["LIMIT", 1]]
  [1m[36mUser Load (0.2ms)[0m  [1m[34mSELECT "users".* FROM "users" LIMIT ?[0m  [["LIMIT", 11]]
  [1m[35m (0.4ms)[0m  [1m[34mSELECT sqlite_version(*)[0m
  [1m[36mUser Load (0.3ms)[0m  [1m[34mSELECT "users".* FROM "users" ORDER BY "users"."id" ASC LIMIT ?[0m  [["LIMIT", 1]]
